2025-05-22 06:32:45,570 - __main__ - INFO - Starting OTA server...
2025-05-22 07:13:13,122 - __main__ - INFO - New firmware uploaded: test_firmware.bin (Hash: e28d0671faa9cff9d5e24390933d0578ec7b9ae1c375aa2375ba1fe0dd167009)
2025-05-22 07:14:44,533 - __main__ - INFO - Starting OTA server...
2025-05-22 07:46:10,249 - __main__ - INFO - Starting OTA server...
2025-05-22 07:48:01,761 - __main__ - INFO - Starting OTA server...
2025-05-22 07:54:56,861 - __main__ - INFO - Starting OTA server...
2025-05-22 10:28:12,608 - __main__ - INFO - Starting OTA server...
2025-05-22 10:31:52,523 - __main__ - INFO - Starting OTA server...
2025-05-22 10:32:05,029 - __main__ - INFO - Starting OTA server...
2025-05-22 10:32:23,788 - __main__ - INFO - Starting OTA server...
2025-05-22 10:35:24,557 - __main__ - ERROR - Error uploading firmware: [Errno 2] No such file or directory: '/Users/yashratnaparkhi/Documents/SDRB Hacathon/ota_server/firmware/test_firmware_v1.0.1.ino.merged.bin'
2025-05-22 10:35:40,179 - __main__ - ERROR - Error uploading firmware: [Errno 2] No such file or directory: '/Users/yashratnaparkhi/Documents/SDRB Hacathon/ota_server/firmware/test_firmware_v1.0.1.ino.merged.bin'
2025-05-22 10:35:48,733 - __main__ - ERROR - Error uploading firmware: [Errno 2] No such file or directory: '/Users/yashratnaparkhi/Documents/SDRB Hacathon/ota_server/firmware/test_firmware_v1.0.1.ino.bin'
2025-05-22 10:35:49,949 - __main__ - ERROR - Error uploading firmware: [Errno 2] No such file or directory: '/Users/yashratnaparkhi/Documents/SDRB Hacathon/ota_server/firmware/test_firmware_v1.0.1.ino.bin'
2025-05-22 10:35:50,148 - __main__ - ERROR - Error uploading firmware: [Errno 2] No such file or directory: '/Users/yashratnaparkhi/Documents/SDRB Hacathon/ota_server/firmware/test_firmware_v1.0.1.ino.bin'
2025-05-22 10:35:50,331 - __main__ - ERROR - Error uploading firmware: [Errno 2] No such file or directory: '/Users/yashratnaparkhi/Documents/SDRB Hacathon/ota_server/firmware/test_firmware_v1.0.1.ino.bin'
2025-05-22 10:35:50,580 - __main__ - ERROR - Error uploading firmware: [Errno 2] No such file or directory: '/Users/yashratnaparkhi/Documents/SDRB Hacathon/ota_server/firmware/test_firmware_v1.0.1.ino.bin'
2025-05-22 10:35:50,814 - __main__ - ERROR - Error uploading firmware: [Errno 2] No such file or directory: '/Users/yashratnaparkhi/Documents/SDRB Hacathon/ota_server/firmware/test_firmware_v1.0.1.ino.bin'
2025-05-22 10:35:51,018 - __main__ - ERROR - Error uploading firmware: [Errno 2] No such file or directory: '/Users/yashratnaparkhi/Documents/SDRB Hacathon/ota_server/firmware/test_firmware_v1.0.1.ino.bin'
2025-05-22 10:35:51,214 - __main__ - ERROR - Error uploading firmware: [Errno 2] No such file or directory: '/Users/yashratnaparkhi/Documents/SDRB Hacathon/ota_server/firmware/test_firmware_v1.0.1.ino.bin'
2025-05-22 10:36:31,768 - __main__ - ERROR - Error uploading firmware: [Errno 2] No such file or directory: '/Users/yashratnaparkhi/Documents/SDRB Hacathon/ota_server/firmware/test_firmware_v1.0.1.ino.bin'
2025-05-22 10:36:32,915 - __main__ - ERROR - Error uploading firmware: [Errno 2] No such file or directory: '/Users/yashratnaparkhi/Documents/SDRB Hacathon/ota_server/firmware/test_firmware_v1.0.1.ino.bin'
2025-05-22 10:38:32,446 - __main__ - INFO - Starting OTA server...
2025-05-22 10:38:55,947 - __main__ - INFO - Starting OTA server...
2025-05-22 10:39:39,305 - __main__ - ERROR - Error uploading firmware: [Errno 2] No such file or directory: '/Users/yashratnaparkhi/Documents/SDRB Hacathon/ota_server/firmware/test_firmware_v1.0.1.ino.bin'
2025-05-22 10:42:59,835 - __main__ - INFO - Starting OTA server...
2025-05-22 10:47:38,430 - __main__ - ERROR - Error uploading firmware: [Errno 2] No such file or directory: '/Users/yashratnaparkhi/Documents/SDRB Hacathon/ota_server/firmware/test_firmware_v1.0.1.ino.bin'
2025-05-22 10:47:39,515 - __main__ - ERROR - Error uploading firmware: [Errno 2] No such file or directory: '/Users/yashratnaparkhi/Documents/SDRB Hacathon/ota_server/firmware/test_firmware_v1.0.1.ino.bin'
2025-05-22 10:47:39,799 - __main__ - ERROR - Error uploading firmware: [Errno 2] No such file or directory: '/Users/yashratnaparkhi/Documents/SDRB Hacathon/ota_server/firmware/test_firmware_v1.0.1.ino.bin'
2025-05-22 10:47:40,001 - __main__ - ERROR - Error uploading firmware: [Errno 2] No such file or directory: '/Users/yashratnaparkhi/Documents/SDRB Hacathon/ota_server/firmware/test_firmware_v1.0.1.ino.bin'
2025-05-22 10:47:40,148 - __main__ - ERROR - Error uploading firmware: [Errno 2] No such file or directory: '/Users/yashratnaparkhi/Documents/SDRB Hacathon/ota_server/firmware/test_firmware_v1.0.1.ino.bin'
2025-05-22 10:47:40,297 - __main__ - ERROR - Error uploading firmware: [Errno 2] No such file or directory: '/Users/yashratnaparkhi/Documents/SDRB Hacathon/ota_server/firmware/test_firmware_v1.0.1.ino.bin'
2025-05-22 10:47:40,429 - __main__ - ERROR - Error uploading firmware: [Errno 2] No such file or directory: '/Users/yashratnaparkhi/Documents/SDRB Hacathon/ota_server/firmware/test_firmware_v1.0.1.ino.bin'
2025-05-22 10:47:40,597 - __main__ - ERROR - Error uploading firmware: [Errno 2] No such file or directory: '/Users/yashratnaparkhi/Documents/SDRB Hacathon/ota_server/firmware/test_firmware_v1.0.1.ino.bin'
2025-05-22 10:47:40,696 - __main__ - ERROR - Error uploading firmware: [Errno 2] No such file or directory: '/Users/yashratnaparkhi/Documents/SDRB Hacathon/ota_server/firmware/test_firmware_v1.0.1.ino.bin'
2025-05-22 10:53:21,163 - __main__ - INFO - Starting OTA server...
2025-05-22 10:55:55,644 - __main__ - ERROR - Error uploading firmware: [Errno 2] No such file or directory: '/Users/yashratnaparkhi/Documents/SDRB Hacathon/ota_server/firmware/test_firmware_v1.0.1.ino.partitions.bin'
2025-05-22 10:55:57,148 - __main__ - ERROR - Error uploading firmware: [Errno 2] No such file or directory: '/Users/yashratnaparkhi/Documents/SDRB Hacathon/ota_server/firmware/test_firmware_v1.0.1.ino.partitions.bin'
2025-05-22 10:56:03,818 - __main__ - ERROR - Error uploading firmware: [Errno 2] No such file or directory: '/Users/yashratnaparkhi/Documents/SDRB Hacathon/ota_server/firmware/test_firmware_v1.0.1.ino.bin'
2025-05-22 11:01:42,757 - __main__ - INFO - Starting OTA server...
2025-05-22 11:05:16,653 - __main__ - INFO - Starting OTA server...
2025-05-22 11:05:23,039 - __main__ - INFO - Starting OTA server...
2025-05-22 11:10:24,918 - __main__ - ERROR - Error uploading firmware: [Errno 2] No such file or directory: '/Users/yashratnaparkhi/Documents/SDRB Hacathon/ota_server/firmware/test_firmware_v1.0.1.ino.bin'
2025-05-22 11:18:04,193 - __main__ - INFO - Starting OTA server...
2025-05-22 11:22:52,017 - __main__ - INFO - Starting OTA server...
2025-05-22 11:27:27,521 - __main__ - INFO - Starting OTA server...
2025-05-22 11:32:51,340 - __main__ - INFO - Starting OTA server...
2025-05-22 11:35:02,027 - __main__ - ERROR - Error uploading firmware: [Errno 2] No such file or directory: '/Users/yashratnaparkhi/Documents/SDRB Hacathon/ota_server/firmware/test_firmware_v1.0.1.ino.bin'
2025-05-22 11:37:38,366 - __main__ - ERROR - Error uploading firmware: [Errno 2] No such file or directory: '/Users/yashratnaparkhi/Documents/SDRB Hacathon/ota_server/firmware/test_firmware_v1.0.1.ino.bin'
2025-05-22 11:37:39,314 - __main__ - ERROR - Error uploading firmware: [Errno 2] No such file or directory: '/Users/yashratnaparkhi/Documents/SDRB Hacathon/ota_server/firmware/test_firmware_v1.0.1.ino.bin'
2025-05-22 11:37:40,044 - __main__ - ERROR - Error uploading firmware: [Errno 2] No such file or directory: '/Users/yashratnaparkhi/Documents/SDRB Hacathon/ota_server/firmware/test_firmware_v1.0.1.ino.bin'
2025-05-22 11:38:02,278 - __main__ - ERROR - Error uploading firmware: [Errno 2] No such file or directory: '/Users/yashratnaparkhi/Documents/SDRB Hacathon/ota_server/firmware/test_firmware_v1.0.1.ino.bin'
2025-05-22 11:38:03,010 - __main__ - ERROR - Error uploading firmware: [Errno 2] No such file or directory: '/Users/yashratnaparkhi/Documents/SDRB Hacathon/ota_server/firmware/test_firmware_v1.0.1.ino.bin'
2025-05-22 11:38:03,173 - __main__ - ERROR - Error uploading firmware: [Errno 2] No such file or directory: '/Users/yashratnaparkhi/Documents/SDRB Hacathon/ota_server/firmware/test_firmware_v1.0.1.ino.bin'
2025-05-22 11:38:03,339 - __main__ - ERROR - Error uploading firmware: [Errno 2] No such file or directory: '/Users/yashratnaparkhi/Documents/SDRB Hacathon/ota_server/firmware/test_firmware_v1.0.1.ino.bin'
2025-05-22 11:38:03,557 - __main__ - ERROR - Error uploading firmware: [Errno 2] No such file or directory: '/Users/yashratnaparkhi/Documents/SDRB Hacathon/ota_server/firmware/test_firmware_v1.0.1.ino.bin'
2025-05-22 11:38:03,892 - __main__ - ERROR - Error uploading firmware: [Errno 2] No such file or directory: '/Users/yashratnaparkhi/Documents/SDRB Hacathon/ota_server/firmware/test_firmware_v1.0.1.ino.bin'
2025-05-22 11:38:04,109 - __main__ - ERROR - Error uploading firmware: [Errno 2] No such file or directory: '/Users/yashratnaparkhi/Documents/SDRB Hacathon/ota_server/firmware/test_firmware_v1.0.1.ino.bin'
2025-05-22 11:40:04,256 - __main__ - ERROR - Error uploading firmware: [Errno 2] No such file or directory: '/Users/yashratnaparkhi/Documents/SDRB Hacathon/ota_server/firmware/test_firmware_v1.0.1.ino.bin'
2025-05-22 11:40:10,589 - __main__ - ERROR - Error uploading firmware: [Errno 2] No such file or directory: '/Users/yashratnaparkhi/Documents/SDRB Hacathon/ota_server/firmware/test_firmware_v1.0.1.ino.bootloader.bin'
2025-05-22 11:40:18,002 - __main__ - ERROR - Error uploading firmware: [Errno 2] No such file or directory: '/Users/yashratnaparkhi/Documents/SDRB Hacathon/ota_server/firmware/test_firmware_v1.0.1.ino.merged.bin'
2025-05-22 11:40:22,921 - __main__ - ERROR - Error uploading firmware: [Errno 2] No such file or directory: '/Users/yashratnaparkhi/Documents/SDRB Hacathon/ota_server/firmware/test_firmware_v1.0.1.ino.partitions.bin'
2025-05-22 11:40:23,505 - __main__ - ERROR - Error uploading firmware: [Errno 2] No such file or directory: '/Users/yashratnaparkhi/Documents/SDRB Hacathon/ota_server/firmware/test_firmware_v1.0.1.ino.partitions.bin'
2025-05-22 11:40:23,754 - __main__ - ERROR - Error uploading firmware: [Errno 2] No such file or directory: '/Users/yashratnaparkhi/Documents/SDRB Hacathon/ota_server/firmware/test_firmware_v1.0.1.ino.partitions.bin'
2025-05-22 11:40:23,955 - __main__ - ERROR - Error uploading firmware: [Errno 2] No such file or directory: '/Users/yashratnaparkhi/Documents/SDRB Hacathon/ota_server/firmware/test_firmware_v1.0.1.ino.partitions.bin'
2025-05-22 11:40:24,120 - __main__ - ERROR - Error uploading firmware: [Errno 2] No such file or directory: '/Users/yashratnaparkhi/Documents/SDRB Hacathon/ota_server/firmware/test_firmware_v1.0.1.ino.partitions.bin'
2025-05-22 11:40:24,304 - __main__ - ERROR - Error uploading firmware: [Errno 2] No such file or directory: '/Users/yashratnaparkhi/Documents/SDRB Hacathon/ota_server/firmware/test_firmware_v1.0.1.ino.partitions.bin'
2025-05-22 11:40:24,435 - __main__ - ERROR - Error uploading firmware: [Errno 2] No such file or directory: '/Users/yashratnaparkhi/Documents/SDRB Hacathon/ota_server/firmware/test_firmware_v1.0.1.ino.partitions.bin'
2025-05-22 11:45:47,321 - __main__ - INFO - Starting OTA server...
2025-05-22 11:47:17,377 - __main__ - INFO - Starting OTA server...
2025-05-22 11:48:16,959 - __main__ - INFO - New firmware uploaded: test_firmware_v1.0.1.ino.bin (Hash: 6f41c7678413099904a09a6e8f94434c813565121dc159b51a51c50b1785f3e0)
2025-05-22 11:48:38,311 - __main__ - INFO - Created backup: test_firmware_v1.0.1.ino_20250522_114838.bin
2025-05-22 11:48:38,312 - __main__ - INFO - New firmware uploaded: test_firmware_v1.0.1.ino.bin (Hash: 6f41c7678413099904a09a6e8f94434c813565121dc159b51a51c50b1785f3e0)
2025-05-25 09:38:03,811 - __main__ - INFO - Starting OTA server...
2025-05-25 09:48:45,074 - __main__ - INFO - Starting OTA server...
2025-05-25 09:58:02,579 - __main__ - INFO - Starting OTA server...
2025-05-25 10:06:46,621 - __main__ - INFO - Starting OTA server...
2025-05-25 10:07:34,293 - __main__ - INFO - Starting OTA server...
2025-05-25 10:09:46,875 - __main__ - INFO - Starting OTA server...
2025-05-25 10:12:36,440 - __main__ - INFO - Starting OTA server...
2025-05-26 23:24:25,952 - __main__ - INFO - Starting OTA server...
2025-06-30 13:41:39,070 - __main__ - INFO - Starting OTA server...
2025-06-30 13:44:02,576 - __main__ - INFO - Starting OTA server...
2025-06-30 14:21:46,686 - __main__ - INFO - Starting OTA server...
2025-06-30 14:23:28,951 - __main__ - INFO - New firmware uploaded: Fan.bin (Hash: 8c74afcc9ac9e1f991a58d18772308b28708cbdb1bdf5ad46df1afce29aed2d0)
2025-06-30 14:26:26,029 - __main__ - INFO - Firmware download requested: Fan.bin
2025-06-30 14:30:45,866 - __main__ - INFO - Starting OTA server...
2025-06-30 14:30:59,016 - __main__ - INFO - Firmware download requested: Fan.bin
2025-06-30 14:35:10,386 - __main__ - INFO - Firmware download requested: Fan.bin
2025-06-30 14:36:31,456 - __main__ - INFO - Firmware download requested: Fan.bin
2025-06-30 14:38:49,331 - __main__ - INFO - Starting OTA server...
2025-06-30 14:38:55,962 - __main__ - INFO - Firmware download requested: Fan.bin
2025-06-30 14:39:20,444 - __main__ - INFO - Firmware download requested: Fan.bin
2025-06-30 14:42:57,017 - __main__ - INFO - Starting OTA server...
2025-06-30 14:43:09,607 - __main__ - INFO - Firmware download requested: Fan.bin
2025-06-30 14:43:55,887 - __main__ - INFO - Firmware download requested: Fan.bin
2025-06-30 14:45:50,296 - __main__ - INFO - Starting OTA server...
2025-06-30 14:46:04,179 - __main__ - INFO - Firmware download requested: Fan.bin
2025-06-30 15:31:03,155 - __main__ - INFO - Firmware download requested: Fan.bin
2025-06-30 15:46:03,566 - __main__ - INFO - Starting OTA server...
2025-06-30 15:46:30,672 - __main__ - INFO - Firmware download requested: Fan.bin
2025-06-30 15:52:08,591 - __main__ - INFO - New firmware uploaded: Fan001_fan1.bin (Hash: 8c74afcc9ac9e1f991a58d18772308b28708cbdb1bdf5ad46df1afce29aed2d0)
2025-06-30 15:52:25,460 - __main__ - INFO - Firmware download requested: Fan001_fan1.bin
2025-06-30 15:54:30,898 - __main__ - INFO - New firmware uploaded: Fan_001_fan1.bin (Hash: 8c74afcc9ac9e1f991a58d18772308b28708cbdb1bdf5ad46df1afce29aed2d0)
2025-06-30 15:54:37,697 - __main__ - INFO - Firmware download requested: Fan_001_fan1.bin
2025-06-30 15:56:40,954 - __main__ - INFO - Created backup: Fan_001_fan1_20250630_155640.bin
2025-06-30 15:56:40,962 - __main__ - INFO - New firmware uploaded: Fan_001_fan1.bin (Hash: 8c74afcc9ac9e1f991a58d18772308b28708cbdb1bdf5ad46df1afce29aed2d0)
2025-06-30 15:57:33,134 - __main__ - INFO - Created backup: fan_001_fan1_20250630_155733.bin
2025-06-30 15:57:33,139 - __main__ - INFO - New firmware uploaded: fan_001_fan1.bin (Hash: 8c74afcc9ac9e1f991a58d18772308b28708cbdb1bdf5ad46df1afce29aed2d0)
2025-06-30 15:57:46,091 - __main__ - INFO - Created backup: fan_001_fan1_20250630_155746.bin
2025-06-30 15:57:46,094 - __main__ - INFO - New firmware uploaded: fan_001_fan1.bin (Hash: 8c74afcc9ac9e1f991a58d18772308b28708cbdb1bdf5ad46df1afce29aed2d0)
2025-06-30 16:12:49,858 - __main__ - INFO - Starting OTA server...
2025-06-30 16:15:55,204 - __main__ - INFO - Starting OTA server...
2025-06-30 16:16:22,257 - __main__ - INFO - New firmware uploaded: fan_001_fan1.bin (Hash: 8c74afcc9ac9e1f991a58d18772308b28708cbdb1bdf5ad46df1afce29aed2d0)
2025-06-30 16:16:37,073 - __main__ - INFO - Firmware download requested: fan_001_fan1.bin
2025-06-30 16:24:47,618 - __main__ - INFO - Firmware download requested: fan_001_fan1.bin
2025-06-30 16:25:35,356 - __main__ - INFO - Firmware download requested: fan_001_fan1.bin
2025-06-30 16:25:35,391 - __main__ - INFO - Firmware download requested: fan_001_fan1.bin
2025-06-30 16:26:22,405 - __main__ - INFO - New firmware uploaded: Light_001_light1.bin (Hash: 8c74afcc9ac9e1f991a58d18772308b28708cbdb1bdf5ad46df1afce29aed2d0)
2025-06-30 16:26:32,280 - __main__ - INFO - Firmware download requested: Light_001_light1.bin
2025-06-30 16:26:32,361 - __main__ - INFO - Firmware download requested: Light_001_light1.bin
2025-06-30 16:39:45,385 - __main__ - INFO - Firmware download requested: Light_001_light1.bin
2025-06-30 16:39:49,426 - __main__ - INFO - Firmware download requested: Light_001_light1.bin
2025-06-30 16:48:27,030 - __main__ - INFO - Starting OTA server...
2025-06-30 16:54:20,612 - __main__ - INFO - Starting OTA server...
2025-06-30 16:57:37,241 - __main__ - INFO - Starting OTA server...
2025-06-30 16:58:49,076 - __main__ - INFO - Starting OTA server...
2025-06-30 17:00:26,504 - __main__ - INFO - Starting OTA server...
2025-06-30 17:04:26,014 - __main__ - INFO - Starting OTA server...
2025-06-30 17:08:35,360 - __main__ - INFO - Starting OTA server...
2025-06-30 17:10:31,164 - __main__ - INFO - Starting OTA server...
2025-06-30 17:13:40,252 - __main__ - INFO - Starting OTA server...
2025-06-30 17:14:07,212 - __main__ - INFO - Starting OTA server...
2025-06-30 17:16:27,038 - __main__ - INFO - Starting OTA server...
2025-06-30 17:17:22,388 - __main__ - INFO - Created backup: Light_001_light1_20250630_171722.bin
2025-06-30 17:17:22,393 - __main__ - INFO - New firmware uploaded: Light_001_light1.bin (Hash: 8c74afcc9ac9e1f991a58d18772308b28708cbdb1bdf5ad46df1afce29aed2d0)
2025-06-30 17:21:32,169 - __main__ - INFO - Starting OTA server...
2025-06-30 17:22:53,151 - __main__ - INFO - Starting OTA server...
2025-06-30 17:25:18,267 - __main__ - INFO - Starting OTA server...
2025-06-30 17:28:09,442 - __main__ - INFO - Starting OTA server...
2025-06-30 18:00:49,664 - __main__ - INFO - Starting OTA server...
2025-06-30 18:01:36,528 - __main__ - INFO - Starting OTA server...
2025-06-30 18:08:15,009 - __main__ - INFO - Starting OTA server...
2025-06-30 18:42:54,072 - __main__ - INFO - Starting OTA server...
2025-06-30 18:51:58,869 - __main__ - INFO - Starting OTA server...
