INFO:     Started server process [1848]
INFO:     Waiting for application startup.
INFO:     Application startup complete.
INFO:     Uvicorn running on http://0.0.0.0:8000 (Press CTRL+C to quit)
INFO:     127.0.0.1:63192 - "GET / HTTP/1.1" 200 OK
INFO:     127.0.0.1:63192 - "GET /com_ports HTTP/1.1" 200 OK
INFO:     127.0.0.1:63193 - "GET /firmware_list HTTP/1.1" 200 OK
INFO:     127.0.0.1:63193 - "GET / HTTP/1.1" 200 OK
INFO:     127.0.0.1:63193 - "GET /com_ports HTTP/1.1" 200 OK
INFO:     127.0.0.1:63192 - "GET /firmware_list HTTP/1.1" 200 OK
INFO:     127.0.0.1:63192 - "GET / HTTP/1.1" 200 OK
INFO:     127.0.0.1:63192 - "GET /com_ports HTTP/1.1" 200 OK
INFO:     127.0.0.1:63193 - "GET /firmware_list HTTP/1.1" 200 OK
INFO:     127.0.0.1:63193 - "GET / HTTP/1.1" 200 OK
INFO:     127.0.0.1:63193 - "GET /com_ports HTTP/1.1" 200 OK
INFO:     127.0.0.1:63192 - "GET /firmware_list HTTP/1.1" 200 OK
INFO:     127.0.0.1:63192 - "GET / HTTP/1.1" 200 OK
INFO:     127.0.0.1:63192 - "GET /com_ports HTTP/1.1" 200 OK
INFO:     127.0.0.1:63193 - "GET /firmware_list HTTP/1.1" 200 OK
INFO:     127.0.0.1:63211 - "GET / HTTP/1.1" 200 OK
INFO:     127.0.0.1:63211 - "GET /com_ports HTTP/1.1" 200 OK
INFO:     127.0.0.1:63212 - "GET /firmware_list HTTP/1.1" 200 OK
INFO:     127.0.0.1:63212 - "GET / HTTP/1.1" 200 OK
INFO:     127.0.0.1:63211 - "GET /firmware_list HTTP/1.1" 200 OK
INFO:     127.0.0.1:63212 - "GET /com_ports HTTP/1.1" 200 OK
INFO:     127.0.0.1:63212 - "GET / HTTP/1.1" 200 OK
INFO:     127.0.0.1:63212 - "GET /com_ports HTTP/1.1" 200 OK
INFO:     127.0.0.1:63211 - "GET /firmware_list HTTP/1.1" 200 OK
INFO:     127.0.0.1:63211 - "GET / HTTP/1.1" 200 OK
INFO:     127.0.0.1:63212 - "GET /firmware_list HTTP/1.1" 200 OK
INFO:     127.0.0.1:63211 - "GET /com_ports HTTP/1.1" 200 OK
INFO:     127.0.0.1:63372 - "GET /com_ports HTTP/1.1" 200 OK
INFO:     Shutting down
INFO:     Waiting for application shutdown.
INFO:     Application shutdown complete.
INFO:     Finished server process [1848]
Traceback (most recent call last):
  File "<frozen runpy>", line 198, in _run_module_as_main
  File "<frozen runpy>", line 88, in _run_code
  File "C:\Users\sonpa\AppData\Local\Programs\Python\Python313\Lib\site-packages\uvicorn\__main__.py", line 4, in <module>
    uvicorn.main()
    ~~~~~~~~~~~~^^
  File "C:\Users\sonpa\AppData\Local\Programs\Python\Python313\Lib\site-packages\click\core.py", line 1161, in __call__
    return self.main(*args, **kwargs)
           ~~~~~~~~~^^^^^^^^^^^^^^^^^
  File "C:\Users\sonpa\AppData\Local\Programs\Python\Python313\Lib\site-packages\click\core.py", line 1082, in main
    rv = self.invoke(ctx)
  File "C:\Users\sonpa\AppData\Local\Programs\Python\Python313\Lib\site-packages\click\core.py", line 1443, in invoke
    return ctx.invoke(self.callback, **ctx.params)
           ~~~~~~~~~~^^^^^^^^^^^^^^^^^^^^^^^^^^^^^
  File "C:\Users\sonpa\AppData\Local\Programs\Python\Python313\Lib\site-packages\click\core.py", line 788, in invoke
    return __callback(*args, **kwargs)
  File "C:\Users\sonpa\AppData\Local\Programs\Python\Python313\Lib\site-packages\uvicorn\main.py", line 412, in main
    run(
    ~~~^
        app,
        ^^^^
    ...<45 lines>...
        h11_max_incomplete_event_size=h11_max_incomplete_event_size,
        ^^^^^^^^^^^^^^^^^^^^^^^^^^^^^^^^^^^^^^^^^^^^^^^^^^^^^^^^^^^^
    )
    ^
  File "C:\Users\sonpa\AppData\Local\Programs\Python\Python313\Lib\site-packages\uvicorn\main.py", line 579, in run
    server.run()
    ~~~~~~~~~~^^
  File "C:\Users\sonpa\AppData\Local\Programs\Python\Python313\Lib\site-packages\uvicorn\server.py", line 66, in run
    return asyncio.run(self.serve(sockets=sockets))
           ~~~~~~~~~~~^^^^^^^^^^^^^^^^^^^^^^^^^^^^^
  File "C:\Users\sonpa\AppData\Local\Programs\Python\Python313\Lib\asyncio\runners.py", line 195, in run
    return runner.run(main)
           ~~~~~~~~~~^^^^^^
  File "C:\Users\sonpa\AppData\Local\Programs\Python\Python313\Lib\asyncio\runners.py", line 118, in run
    return self._loop.run_until_complete(task)
           ~~~~~~~~~~~~~~~~~~~~~~~~~~~~~^^^^^^
  File "C:\Users\sonpa\AppData\Local\Programs\Python\Python313\Lib\asyncio\base_events.py", line 725, in run_until_complete
    return future.result()
           ~~~~~~~~~~~~~^^
  File "C:\Users\sonpa\AppData\Local\Programs\Python\Python313\Lib\site-packages\uvicorn\server.py", line 70, in serve
    await self._serve(sockets)
  File "C:\Users\sonpa\AppData\Local\Programs\Python\Python313\Lib\site-packages\uvicorn\server.py", line 77, in _serve
    config.load()
    ~~~~~~~~~~~^^
  File "C:\Users\sonpa\AppData\Local\Programs\Python\Python313\Lib\site-packages\uvicorn\config.py", line 435, in load
    self.loaded_app = import_from_string(self.app)
                      ~~~~~~~~~~~~~~~~~~^^^^^^^^^^
  File "C:\Users\sonpa\AppData\Local\Programs\Python\Python313\Lib\site-packages\uvicorn\importer.py", line 19, in import_from_string
    module = importlib.import_module(module_str)
  File "C:\Users\sonpa\AppData\Local\Programs\Python\Python313\Lib\importlib\__init__.py", line 88, in import_module
    return _bootstrap._gcd_import(name[level:], package, level)
           ~~~~~~~~~~~~~~~~~~~~~~^^^^^^^^^^^^^^^^^^^^^^^^^^^^^^
  File "<frozen importlib._bootstrap>", line 1387, in _gcd_import
  File "<frozen importlib._bootstrap>", line 1360, in _find_and_load
  File "<frozen importlib._bootstrap>", line 1331, in _find_and_load_unlocked
  File "<frozen importlib._bootstrap>", line 935, in _load_unlocked
  File "<frozen importlib._bootstrap_external>", line 1022, in exec_module
  File "<frozen importlib._bootstrap_external>", line 1160, in get_code
  File "<frozen importlib._bootstrap_external>", line 1090, in source_to_code
  File "<frozen importlib._bootstrap>", line 488, in _call_with_frames_removed
  File "C:\Users\sonpa\OneDrive\Desktop\Yash S\fastapi_mqtt_backend\esp_flashing_tool\app.py", line 105
    session_id = str(uuid.uuid4())
    ^^^^^^^^^^
IndentationError: expected an indented block after 'if' statement on line 103
Traceback (most recent call last):
  File "<frozen runpy>", line 198, in _run_module_as_main
  File "<frozen runpy>", line 88, in _run_code
  File "C:\Users\sonpa\AppData\Local\Programs\Python\Python313\Lib\site-packages\uvicorn\__main__.py", line 4, in <module>
    uvicorn.main()
    ~~~~~~~~~~~~^^
  File "C:\Users\sonpa\AppData\Local\Programs\Python\Python313\Lib\site-packages\click\core.py", line 1161, in __call__
    return self.main(*args, **kwargs)
           ~~~~~~~~~^^^^^^^^^^^^^^^^^
  File "C:\Users\sonpa\AppData\Local\Programs\Python\Python313\Lib\site-packages\click\core.py", line 1082, in main
    rv = self.invoke(ctx)
  File "C:\Users\sonpa\AppData\Local\Programs\Python\Python313\Lib\site-packages\click\core.py", line 1443, in invoke
    return ctx.invoke(self.callback, **ctx.params)
           ~~~~~~~~~~^^^^^^^^^^^^^^^^^^^^^^^^^^^^^
  File "C:\Users\sonpa\AppData\Local\Programs\Python\Python313\Lib\site-packages\click\core.py", line 788, in invoke
    return __callback(*args, **kwargs)
  File "C:\Users\sonpa\AppData\Local\Programs\Python\Python313\Lib\site-packages\uvicorn\main.py", line 412, in main
    run(
    ~~~^
        app,
        ^^^^
    ...<45 lines>...
        h11_max_incomplete_event_size=h11_max_incomplete_event_size,
        ^^^^^^^^^^^^^^^^^^^^^^^^^^^^^^^^^^^^^^^^^^^^^^^^^^^^^^^^^^^^
    )
    ^
  File "C:\Users\sonpa\AppData\Local\Programs\Python\Python313\Lib\site-packages\uvicorn\main.py", line 579, in run
    server.run()
    ~~~~~~~~~~^^
  File "C:\Users\sonpa\AppData\Local\Programs\Python\Python313\Lib\site-packages\uvicorn\server.py", line 66, in run
    return asyncio.run(self.serve(sockets=sockets))
           ~~~~~~~~~~~^^^^^^^^^^^^^^^^^^^^^^^^^^^^^
  File "C:\Users\sonpa\AppData\Local\Programs\Python\Python313\Lib\asyncio\runners.py", line 195, in run
    return runner.run(main)
           ~~~~~~~~~~^^^^^^
  File "C:\Users\sonpa\AppData\Local\Programs\Python\Python313\Lib\asyncio\runners.py", line 118, in run
    return self._loop.run_until_complete(task)
           ~~~~~~~~~~~~~~~~~~~~~~~~~~~~~^^^^^^
  File "C:\Users\sonpa\AppData\Local\Programs\Python\Python313\Lib\asyncio\base_events.py", line 725, in run_until_complete
    return future.result()
           ~~~~~~~~~~~~~^^
  File "C:\Users\sonpa\AppData\Local\Programs\Python\Python313\Lib\site-packages\uvicorn\server.py", line 70, in serve
    await self._serve(sockets)
  File "C:\Users\sonpa\AppData\Local\Programs\Python\Python313\Lib\site-packages\uvicorn\server.py", line 77, in _serve
    config.load()
    ~~~~~~~~~~~^^
  File "C:\Users\sonpa\AppData\Local\Programs\Python\Python313\Lib\site-packages\uvicorn\config.py", line 435, in load
    self.loaded_app = import_from_string(self.app)
                      ~~~~~~~~~~~~~~~~~~^^^^^^^^^^
  File "C:\Users\sonpa\AppData\Local\Programs\Python\Python313\Lib\site-packages\uvicorn\importer.py", line 19, in import_from_string
    module = importlib.import_module(module_str)
  File "C:\Users\sonpa\AppData\Local\Programs\Python\Python313\Lib\importlib\__init__.py", line 88, in import_module
    return _bootstrap._gcd_import(name[level:], package, level)
           ~~~~~~~~~~~~~~~~~~~~~~^^^^^^^^^^^^^^^^^^^^^^^^^^^^^^
  File "<frozen importlib._bootstrap>", line 1387, in _gcd_import
  File "<frozen importlib._bootstrap>", line 1360, in _find_and_load
  File "<frozen importlib._bootstrap>", line 1331, in _find_and_load_unlocked
  File "<frozen importlib._bootstrap>", line 935, in _load_unlocked
  File "<frozen importlib._bootstrap_external>", line 1022, in exec_module
  File "<frozen importlib._bootstrap_external>", line 1160, in get_code
  File "<frozen importlib._bootstrap_external>", line 1090, in source_to_code
  File "<frozen importlib._bootstrap>", line 488, in _call_with_frames_removed
  File "C:\Users\sonpa\OneDrive\Desktop\Yash S\fastapi_mqtt_backend\esp_flashing_tool\app.py", line 105
    session_id = str(uuid.uuid4())
    ^^^^^^^^^^
IndentationError: expected an indented block after 'if' statement on line 103
Traceback (most recent call last):
  File "<frozen runpy>", line 198, in _run_module_as_main
  File "<frozen runpy>", line 88, in _run_code
  File "C:\Users\sonpa\AppData\Local\Programs\Python\Python313\Lib\site-packages\uvicorn\__main__.py", line 4, in <module>
    uvicorn.main()
    ~~~~~~~~~~~~^^
  File "C:\Users\sonpa\AppData\Local\Programs\Python\Python313\Lib\site-packages\click\core.py", line 1161, in __call__
    return self.main(*args, **kwargs)
           ~~~~~~~~~^^^^^^^^^^^^^^^^^
  File "C:\Users\sonpa\AppData\Local\Programs\Python\Python313\Lib\site-packages\click\core.py", line 1082, in main
    rv = self.invoke(ctx)
  File "C:\Users\sonpa\AppData\Local\Programs\Python\Python313\Lib\site-packages\click\core.py", line 1443, in invoke
    return ctx.invoke(self.callback, **ctx.params)
           ~~~~~~~~~~^^^^^^^^^^^^^^^^^^^^^^^^^^^^^
  File "C:\Users\sonpa\AppData\Local\Programs\Python\Python313\Lib\site-packages\click\core.py", line 788, in invoke
    return __callback(*args, **kwargs)
  File "C:\Users\sonpa\AppData\Local\Programs\Python\Python313\Lib\site-packages\uvicorn\main.py", line 412, in main
    run(
    ~~~^
        app,
        ^^^^
    ...<45 lines>...
        h11_max_incomplete_event_size=h11_max_incomplete_event_size,
        ^^^^^^^^^^^^^^^^^^^^^^^^^^^^^^^^^^^^^^^^^^^^^^^^^^^^^^^^^^^^
    )
    ^
  File "C:\Users\sonpa\AppData\Local\Programs\Python\Python313\Lib\site-packages\uvicorn\main.py", line 579, in run
    server.run()
    ~~~~~~~~~~^^
  File "C:\Users\sonpa\AppData\Local\Programs\Python\Python313\Lib\site-packages\uvicorn\server.py", line 66, in run
    return asyncio.run(self.serve(sockets=sockets))
           ~~~~~~~~~~~^^^^^^^^^^^^^^^^^^^^^^^^^^^^^
  File "C:\Users\sonpa\AppData\Local\Programs\Python\Python313\Lib\asyncio\runners.py", line 195, in run
    return runner.run(main)
           ~~~~~~~~~~^^^^^^
  File "C:\Users\sonpa\AppData\Local\Programs\Python\Python313\Lib\asyncio\runners.py", line 118, in run
    return self._loop.run_until_complete(task)
           ~~~~~~~~~~~~~~~~~~~~~~~~~~~~~^^^^^^
  File "C:\Users\sonpa\AppData\Local\Programs\Python\Python313\Lib\asyncio\base_events.py", line 725, in run_until_complete
    return future.result()
           ~~~~~~~~~~~~~^^
  File "C:\Users\sonpa\AppData\Local\Programs\Python\Python313\Lib\site-packages\uvicorn\server.py", line 70, in serve
    await self._serve(sockets)
  File "C:\Users\sonpa\AppData\Local\Programs\Python\Python313\Lib\site-packages\uvicorn\server.py", line 77, in _serve
    config.load()
    ~~~~~~~~~~~^^
  File "C:\Users\sonpa\AppData\Local\Programs\Python\Python313\Lib\site-packages\uvicorn\config.py", line 435, in load
    self.loaded_app = import_from_string(self.app)
                      ~~~~~~~~~~~~~~~~~~^^^^^^^^^^
  File "C:\Users\sonpa\AppData\Local\Programs\Python\Python313\Lib\site-packages\uvicorn\importer.py", line 19, in import_from_string
    module = importlib.import_module(module_str)
  File "C:\Users\sonpa\AppData\Local\Programs\Python\Python313\Lib\importlib\__init__.py", line 88, in import_module
    return _bootstrap._gcd_import(name[level:], package, level)
           ~~~~~~~~~~~~~~~~~~~~~~^^^^^^^^^^^^^^^^^^^^^^^^^^^^^^
  File "<frozen importlib._bootstrap>", line 1387, in _gcd_import
  File "<frozen importlib._bootstrap>", line 1360, in _find_and_load
  File "<frozen importlib._bootstrap>", line 1331, in _find_and_load_unlocked
  File "<frozen importlib._bootstrap>", line 935, in _load_unlocked
  File "<frozen importlib._bootstrap_external>", line 1022, in exec_module
  File "<frozen importlib._bootstrap_external>", line 1160, in get_code
  File "<frozen importlib._bootstrap_external>", line 1090, in source_to_code
  File "<frozen importlib._bootstrap>", line 488, in _call_with_frames_removed
  File "C:\Users\sonpa\OneDrive\Desktop\Yash S\fastapi_mqtt_backend\esp_flashing_tool\app.py", line 105
    session_id = str(uuid.uuid4())
    ^^^^^^^^^^
IndentationError: expected an indented block after 'if' statement on line 103
Traceback (most recent call last):
  File "<frozen runpy>", line 198, in _run_module_as_main
  File "<frozen runpy>", line 88, in _run_code
  File "C:\Users\sonpa\AppData\Local\Programs\Python\Python313\Lib\site-packages\uvicorn\__main__.py", line 4, in <module>
    uvicorn.main()
    ~~~~~~~~~~~~^^
  File "C:\Users\sonpa\AppData\Local\Programs\Python\Python313\Lib\site-packages\click\core.py", line 1161, in __call__
    return self.main(*args, **kwargs)
           ~~~~~~~~~^^^^^^^^^^^^^^^^^
  File "C:\Users\sonpa\AppData\Local\Programs\Python\Python313\Lib\site-packages\click\core.py", line 1082, in main
    rv = self.invoke(ctx)
  File "C:\Users\sonpa\AppData\Local\Programs\Python\Python313\Lib\site-packages\click\core.py", line 1443, in invoke
    return ctx.invoke(self.callback, **ctx.params)
           ~~~~~~~~~~^^^^^^^^^^^^^^^^^^^^^^^^^^^^^
  File "C:\Users\sonpa\AppData\Local\Programs\Python\Python313\Lib\site-packages\click\core.py", line 788, in invoke
    return __callback(*args, **kwargs)
  File "C:\Users\sonpa\AppData\Local\Programs\Python\Python313\Lib\site-packages\uvicorn\main.py", line 412, in main
    run(
    ~~~^
        app,
        ^^^^
    ...<45 lines>...
        h11_max_incomplete_event_size=h11_max_incomplete_event_size,
        ^^^^^^^^^^^^^^^^^^^^^^^^^^^^^^^^^^^^^^^^^^^^^^^^^^^^^^^^^^^^
    )
    ^
  File "C:\Users\sonpa\AppData\Local\Programs\Python\Python313\Lib\site-packages\uvicorn\main.py", line 579, in run
    server.run()
    ~~~~~~~~~~^^
  File "C:\Users\sonpa\AppData\Local\Programs\Python\Python313\Lib\site-packages\uvicorn\server.py", line 66, in run
    return asyncio.run(self.serve(sockets=sockets))
           ~~~~~~~~~~~^^^^^^^^^^^^^^^^^^^^^^^^^^^^^
  File "C:\Users\sonpa\AppData\Local\Programs\Python\Python313\Lib\asyncio\runners.py", line 195, in run
    return runner.run(main)
           ~~~~~~~~~~^^^^^^
  File "C:\Users\sonpa\AppData\Local\Programs\Python\Python313\Lib\asyncio\runners.py", line 118, in run
    return self._loop.run_until_complete(task)
           ~~~~~~~~~~~~~~~~~~~~~~~~~~~~~^^^^^^
  File "C:\Users\sonpa\AppData\Local\Programs\Python\Python313\Lib\asyncio\base_events.py", line 725, in run_until_complete
    return future.result()
           ~~~~~~~~~~~~~^^
  File "C:\Users\sonpa\AppData\Local\Programs\Python\Python313\Lib\site-packages\uvicorn\server.py", line 70, in serve
    await self._serve(sockets)
  File "C:\Users\sonpa\AppData\Local\Programs\Python\Python313\Lib\site-packages\uvicorn\server.py", line 77, in _serve
    config.load()
    ~~~~~~~~~~~^^
  File "C:\Users\sonpa\AppData\Local\Programs\Python\Python313\Lib\site-packages\uvicorn\config.py", line 435, in load
    self.loaded_app = import_from_string(self.app)
                      ~~~~~~~~~~~~~~~~~~^^^^^^^^^^
  File "C:\Users\sonpa\AppData\Local\Programs\Python\Python313\Lib\site-packages\uvicorn\importer.py", line 19, in import_from_string
    module = importlib.import_module(module_str)
  File "C:\Users\sonpa\AppData\Local\Programs\Python\Python313\Lib\importlib\__init__.py", line 88, in import_module
    return _bootstrap._gcd_import(name[level:], package, level)
           ~~~~~~~~~~~~~~~~~~~~~~^^^^^^^^^^^^^^^^^^^^^^^^^^^^^^
  File "<frozen importlib._bootstrap>", line 1387, in _gcd_import
  File "<frozen importlib._bootstrap>", line 1360, in _find_and_load
  File "<frozen importlib._bootstrap>", line 1331, in _find_and_load_unlocked
  File "<frozen importlib._bootstrap>", line 935, in _load_unlocked
  File "<frozen importlib._bootstrap_external>", line 1022, in exec_module
  File "<frozen importlib._bootstrap_external>", line 1160, in get_code
  File "<frozen importlib._bootstrap_external>", line 1090, in source_to_code
  File "<frozen importlib._bootstrap>", line 488, in _call_with_frames_removed
  File "C:\Users\sonpa\OneDrive\Desktop\Yash S\fastapi_mqtt_backend\esp_flashing_tool\app.py", line 105
    session_id = str(uuid.uuid4())
    ^^^^^^^^^^
IndentationError: expected an indented block after 'if' statement on line 103
Traceback (most recent call last):
  File "<frozen runpy>", line 198, in _run_module_as_main
  File "<frozen runpy>", line 88, in _run_code
  File "C:\Users\sonpa\AppData\Local\Programs\Python\Python313\Lib\site-packages\uvicorn\__main__.py", line 4, in <module>
    uvicorn.main()
    ~~~~~~~~~~~~^^
  File "C:\Users\sonpa\AppData\Local\Programs\Python\Python313\Lib\site-packages\click\core.py", line 1161, in __call__
    return self.main(*args, **kwargs)
           ~~~~~~~~~^^^^^^^^^^^^^^^^^
  File "C:\Users\sonpa\AppData\Local\Programs\Python\Python313\Lib\site-packages\click\core.py", line 1082, in main
    rv = self.invoke(ctx)
  File "C:\Users\sonpa\AppData\Local\Programs\Python\Python313\Lib\site-packages\click\core.py", line 1443, in invoke
    return ctx.invoke(self.callback, **ctx.params)
           ~~~~~~~~~~^^^^^^^^^^^^^^^^^^^^^^^^^^^^^
  File "C:\Users\sonpa\AppData\Local\Programs\Python\Python313\Lib\site-packages\click\core.py", line 788, in invoke
    return __callback(*args, **kwargs)
  File "C:\Users\sonpa\AppData\Local\Programs\Python\Python313\Lib\site-packages\uvicorn\main.py", line 412, in main
    run(
    ~~~^
        app,
        ^^^^
    ...<45 lines>...
        h11_max_incomplete_event_size=h11_max_incomplete_event_size,
        ^^^^^^^^^^^^^^^^^^^^^^^^^^^^^^^^^^^^^^^^^^^^^^^^^^^^^^^^^^^^
    )
    ^
  File "C:\Users\sonpa\AppData\Local\Programs\Python\Python313\Lib\site-packages\uvicorn\main.py", line 579, in run
    server.run()
    ~~~~~~~~~~^^
  File "C:\Users\sonpa\AppData\Local\Programs\Python\Python313\Lib\site-packages\uvicorn\server.py", line 66, in run
    return asyncio.run(self.serve(sockets=sockets))
           ~~~~~~~~~~~^^^^^^^^^^^^^^^^^^^^^^^^^^^^^
  File "C:\Users\sonpa\AppData\Local\Programs\Python\Python313\Lib\asyncio\runners.py", line 195, in run
    return runner.run(main)
           ~~~~~~~~~~^^^^^^
  File "C:\Users\sonpa\AppData\Local\Programs\Python\Python313\Lib\asyncio\runners.py", line 118, in run
    return self._loop.run_until_complete(task)
           ~~~~~~~~~~~~~~~~~~~~~~~~~~~~~^^^^^^
  File "C:\Users\sonpa\AppData\Local\Programs\Python\Python313\Lib\asyncio\base_events.py", line 725, in run_until_complete
    return future.result()
           ~~~~~~~~~~~~~^^
  File "C:\Users\sonpa\AppData\Local\Programs\Python\Python313\Lib\site-packages\uvicorn\server.py", line 70, in serve
    await self._serve(sockets)
  File "C:\Users\sonpa\AppData\Local\Programs\Python\Python313\Lib\site-packages\uvicorn\server.py", line 77, in _serve
    config.load()
    ~~~~~~~~~~~^^
  File "C:\Users\sonpa\AppData\Local\Programs\Python\Python313\Lib\site-packages\uvicorn\config.py", line 435, in load
    self.loaded_app = import_from_string(self.app)
                      ~~~~~~~~~~~~~~~~~~^^^^^^^^^^
  File "C:\Users\sonpa\AppData\Local\Programs\Python\Python313\Lib\site-packages\uvicorn\importer.py", line 19, in import_from_string
    module = importlib.import_module(module_str)
  File "C:\Users\sonpa\AppData\Local\Programs\Python\Python313\Lib\importlib\__init__.py", line 88, in import_module
    return _bootstrap._gcd_import(name[level:], package, level)
           ~~~~~~~~~~~~~~~~~~~~~~^^^^^^^^^^^^^^^^^^^^^^^^^^^^^^
  File "<frozen importlib._bootstrap>", line 1387, in _gcd_import
  File "<frozen importlib._bootstrap>", line 1360, in _find_and_load
  File "<frozen importlib._bootstrap>", line 1331, in _find_and_load_unlocked
  File "<frozen importlib._bootstrap>", line 935, in _load_unlocked
  File "<frozen importlib._bootstrap_external>", line 1022, in exec_module
  File "<frozen importlib._bootstrap_external>", line 1160, in get_code
  File "<frozen importlib._bootstrap_external>", line 1090, in source_to_code
  File "<frozen importlib._bootstrap>", line 488, in _call_with_frames_removed
  File "C:\Users\sonpa\OneDrive\Desktop\Yash S\fastapi_mqtt_backend\esp_flashing_tool\app.py", line 105
    session_id = str(uuid.uuid4())
    ^^^^^^^^^^
IndentationError: expected an indented block after 'if' statement on line 103
Traceback (most recent call last):
  File "<frozen runpy>", line 198, in _run_module_as_main
  File "<frozen runpy>", line 88, in _run_code
  File "C:\Users\sonpa\AppData\Local\Programs\Python\Python313\Lib\site-packages\uvicorn\__main__.py", line 4, in <module>
    uvicorn.main()
    ~~~~~~~~~~~~^^
  File "C:\Users\sonpa\AppData\Local\Programs\Python\Python313\Lib\site-packages\click\core.py", line 1161, in __call__
    return self.main(*args, **kwargs)
           ~~~~~~~~~^^^^^^^^^^^^^^^^^
  File "C:\Users\sonpa\AppData\Local\Programs\Python\Python313\Lib\site-packages\click\core.py", line 1082, in main
    rv = self.invoke(ctx)
  File "C:\Users\sonpa\AppData\Local\Programs\Python\Python313\Lib\site-packages\click\core.py", line 1443, in invoke
    return ctx.invoke(self.callback, **ctx.params)
           ~~~~~~~~~~^^^^^^^^^^^^^^^^^^^^^^^^^^^^^
  File "C:\Users\sonpa\AppData\Local\Programs\Python\Python313\Lib\site-packages\click\core.py", line 788, in invoke
    return __callback(*args, **kwargs)
  File "C:\Users\sonpa\AppData\Local\Programs\Python\Python313\Lib\site-packages\uvicorn\main.py", line 412, in main
    run(
    ~~~^
        app,
        ^^^^
    ...<45 lines>...
        h11_max_incomplete_event_size=h11_max_incomplete_event_size,
        ^^^^^^^^^^^^^^^^^^^^^^^^^^^^^^^^^^^^^^^^^^^^^^^^^^^^^^^^^^^^
    )
    ^
  File "C:\Users\sonpa\AppData\Local\Programs\Python\Python313\Lib\site-packages\uvicorn\main.py", line 579, in run
    server.run()
    ~~~~~~~~~~^^
  File "C:\Users\sonpa\AppData\Local\Programs\Python\Python313\Lib\site-packages\uvicorn\server.py", line 66, in run
    return asyncio.run(self.serve(sockets=sockets))
           ~~~~~~~~~~~^^^^^^^^^^^^^^^^^^^^^^^^^^^^^
  File "C:\Users\sonpa\AppData\Local\Programs\Python\Python313\Lib\asyncio\runners.py", line 195, in run
    return runner.run(main)
           ~~~~~~~~~~^^^^^^
  File "C:\Users\sonpa\AppData\Local\Programs\Python\Python313\Lib\asyncio\runners.py", line 118, in run
    return self._loop.run_until_complete(task)
           ~~~~~~~~~~~~~~~~~~~~~~~~~~~~~^^^^^^
  File "C:\Users\sonpa\AppData\Local\Programs\Python\Python313\Lib\asyncio\base_events.py", line 725, in run_until_complete
    return future.result()
           ~~~~~~~~~~~~~^^
  File "C:\Users\sonpa\AppData\Local\Programs\Python\Python313\Lib\site-packages\uvicorn\server.py", line 70, in serve
    await self._serve(sockets)
  File "C:\Users\sonpa\AppData\Local\Programs\Python\Python313\Lib\site-packages\uvicorn\server.py", line 77, in _serve
    config.load()
    ~~~~~~~~~~~^^
  File "C:\Users\sonpa\AppData\Local\Programs\Python\Python313\Lib\site-packages\uvicorn\config.py", line 435, in load
    self.loaded_app = import_from_string(self.app)
                      ~~~~~~~~~~~~~~~~~~^^^^^^^^^^
  File "C:\Users\sonpa\AppData\Local\Programs\Python\Python313\Lib\site-packages\uvicorn\importer.py", line 19, in import_from_string
    module = importlib.import_module(module_str)
  File "C:\Users\sonpa\AppData\Local\Programs\Python\Python313\Lib\importlib\__init__.py", line 88, in import_module
    return _bootstrap._gcd_import(name[level:], package, level)
           ~~~~~~~~~~~~~~~~~~~~~~^^^^^^^^^^^^^^^^^^^^^^^^^^^^^^
  File "<frozen importlib._bootstrap>", line 1387, in _gcd_import
  File "<frozen importlib._bootstrap>", line 1360, in _find_and_load
  File "<frozen importlib._bootstrap>", line 1331, in _find_and_load_unlocked
  File "<frozen importlib._bootstrap>", line 935, in _load_unlocked
  File "<frozen importlib._bootstrap_external>", line 1022, in exec_module
  File "<frozen importlib._bootstrap_external>", line 1160, in get_code
  File "<frozen importlib._bootstrap_external>", line 1090, in source_to_code
  File "<frozen importlib._bootstrap>", line 488, in _call_with_frames_removed
  File "C:\Users\sonpa\OneDrive\Desktop\Yash S\fastapi_mqtt_backend\esp_flashing_tool\app.py", line 105
    session_id = str(uuid.uuid4())
    ^^^^^^^^^^
IndentationError: expected an indented block after 'if' statement on line 103
Traceback (most recent call last):
  File "<frozen runpy>", line 198, in _run_module_as_main
  File "<frozen runpy>", line 88, in _run_code
  File "C:\Users\sonpa\AppData\Local\Programs\Python\Python313\Lib\site-packages\uvicorn\__main__.py", line 4, in <module>
    uvicorn.main()
    ~~~~~~~~~~~~^^
  File "C:\Users\sonpa\AppData\Local\Programs\Python\Python313\Lib\site-packages\click\core.py", line 1161, in __call__
    return self.main(*args, **kwargs)
           ~~~~~~~~~^^^^^^^^^^^^^^^^^
  File "C:\Users\sonpa\AppData\Local\Programs\Python\Python313\Lib\site-packages\click\core.py", line 1082, in main
    rv = self.invoke(ctx)
  File "C:\Users\sonpa\AppData\Local\Programs\Python\Python313\Lib\site-packages\click\core.py", line 1443, in invoke
    return ctx.invoke(self.callback, **ctx.params)
           ~~~~~~~~~~^^^^^^^^^^^^^^^^^^^^^^^^^^^^^
  File "C:\Users\sonpa\AppData\Local\Programs\Python\Python313\Lib\site-packages\click\core.py", line 788, in invoke
    return __callback(*args, **kwargs)
  File "C:\Users\sonpa\AppData\Local\Programs\Python\Python313\Lib\site-packages\uvicorn\main.py", line 412, in main
    run(
    ~~~^
        app,
        ^^^^
    ...<45 lines>...
        h11_max_incomplete_event_size=h11_max_incomplete_event_size,
        ^^^^^^^^^^^^^^^^^^^^^^^^^^^^^^^^^^^^^^^^^^^^^^^^^^^^^^^^^^^^
    )
    ^
  File "C:\Users\sonpa\AppData\Local\Programs\Python\Python313\Lib\site-packages\uvicorn\main.py", line 579, in run
    server.run()
    ~~~~~~~~~~^^
  File "C:\Users\sonpa\AppData\Local\Programs\Python\Python313\Lib\site-packages\uvicorn\server.py", line 66, in run
    return asyncio.run(self.serve(sockets=sockets))
           ~~~~~~~~~~~^^^^^^^^^^^^^^^^^^^^^^^^^^^^^
  File "C:\Users\sonpa\AppData\Local\Programs\Python\Python313\Lib\asyncio\runners.py", line 195, in run
    return runner.run(main)
           ~~~~~~~~~~^^^^^^
  File "C:\Users\sonpa\AppData\Local\Programs\Python\Python313\Lib\asyncio\runners.py", line 118, in run
    return self._loop.run_until_complete(task)
           ~~~~~~~~~~~~~~~~~~~~~~~~~~~~~^^^^^^
  File "C:\Users\sonpa\AppData\Local\Programs\Python\Python313\Lib\asyncio\base_events.py", line 725, in run_until_complete
    return future.result()
           ~~~~~~~~~~~~~^^
  File "C:\Users\sonpa\AppData\Local\Programs\Python\Python313\Lib\site-packages\uvicorn\server.py", line 70, in serve
    await self._serve(sockets)
  File "C:\Users\sonpa\AppData\Local\Programs\Python\Python313\Lib\site-packages\uvicorn\server.py", line 77, in _serve
    config.load()
    ~~~~~~~~~~~^^
  File "C:\Users\sonpa\AppData\Local\Programs\Python\Python313\Lib\site-packages\uvicorn\config.py", line 435, in load
    self.loaded_app = import_from_string(self.app)
                      ~~~~~~~~~~~~~~~~~~^^^^^^^^^^
  File "C:\Users\sonpa\AppData\Local\Programs\Python\Python313\Lib\site-packages\uvicorn\importer.py", line 19, in import_from_string
    module = importlib.import_module(module_str)
  File "C:\Users\sonpa\AppData\Local\Programs\Python\Python313\Lib\importlib\__init__.py", line 88, in import_module
    return _bootstrap._gcd_import(name[level:], package, level)
           ~~~~~~~~~~~~~~~~~~~~~~^^^^^^^^^^^^^^^^^^^^^^^^^^^^^^
  File "<frozen importlib._bootstrap>", line 1387, in _gcd_import
  File "<frozen importlib._bootstrap>", line 1360, in _find_and_load
  File "<frozen importlib._bootstrap>", line 1331, in _find_and_load_unlocked
  File "<frozen importlib._bootstrap>", line 935, in _load_unlocked
  File "<frozen importlib._bootstrap_external>", line 1022, in exec_module
  File "<frozen importlib._bootstrap_external>", line 1160, in get_code
  File "<frozen importlib._bootstrap_external>", line 1090, in source_to_code
  File "<frozen importlib._bootstrap>", line 488, in _call_with_frames_removed
  File "C:\Users\sonpa\OneDrive\Desktop\Yash S\fastapi_mqtt_backend\esp_flashing_tool\app.py", line 105
    session_id = str(uuid.uuid4())
    ^^^^^^^^^^
IndentationError: expected an indented block after 'if' statement on line 103
Traceback (most recent call last):
  File "<frozen runpy>", line 198, in _run_module_as_main
  File "<frozen runpy>", line 88, in _run_code
  File "C:\Users\sonpa\AppData\Local\Programs\Python\Python313\Lib\site-packages\uvicorn\__main__.py", line 4, in <module>
    uvicorn.main()
    ~~~~~~~~~~~~^^
  File "C:\Users\sonpa\AppData\Local\Programs\Python\Python313\Lib\site-packages\click\core.py", line 1161, in __call__
    return self.main(*args, **kwargs)
           ~~~~~~~~~^^^^^^^^^^^^^^^^^
  File "C:\Users\sonpa\AppData\Local\Programs\Python\Python313\Lib\site-packages\click\core.py", line 1082, in main
    rv = self.invoke(ctx)
  File "C:\Users\sonpa\AppData\Local\Programs\Python\Python313\Lib\site-packages\click\core.py", line 1443, in invoke
    return ctx.invoke(self.callback, **ctx.params)
           ~~~~~~~~~~^^^^^^^^^^^^^^^^^^^^^^^^^^^^^
  File "C:\Users\sonpa\AppData\Local\Programs\Python\Python313\Lib\site-packages\click\core.py", line 788, in invoke
    return __callback(*args, **kwargs)
  File "C:\Users\sonpa\AppData\Local\Programs\Python\Python313\Lib\site-packages\uvicorn\main.py", line 412, in main
    run(
    ~~~^
        app,
        ^^^^
    ...<45 lines>...
        h11_max_incomplete_event_size=h11_max_incomplete_event_size,
        ^^^^^^^^^^^^^^^^^^^^^^^^^^^^^^^^^^^^^^^^^^^^^^^^^^^^^^^^^^^^
    )
    ^
  File "C:\Users\sonpa\AppData\Local\Programs\Python\Python313\Lib\site-packages\uvicorn\main.py", line 579, in run
    server.run()
    ~~~~~~~~~~^^
  File "C:\Users\sonpa\AppData\Local\Programs\Python\Python313\Lib\site-packages\uvicorn\server.py", line 66, in run
    return asyncio.run(self.serve(sockets=sockets))
           ~~~~~~~~~~~^^^^^^^^^^^^^^^^^^^^^^^^^^^^^
  File "C:\Users\sonpa\AppData\Local\Programs\Python\Python313\Lib\asyncio\runners.py", line 195, in run
    return runner.run(main)
           ~~~~~~~~~~^^^^^^
  File "C:\Users\sonpa\AppData\Local\Programs\Python\Python313\Lib\asyncio\runners.py", line 118, in run
    return self._loop.run_until_complete(task)
           ~~~~~~~~~~~~~~~~~~~~~~~~~~~~~^^^^^^
  File "C:\Users\sonpa\AppData\Local\Programs\Python\Python313\Lib\asyncio\base_events.py", line 725, in run_until_complete
    return future.result()
           ~~~~~~~~~~~~~^^
  File "C:\Users\sonpa\AppData\Local\Programs\Python\Python313\Lib\site-packages\uvicorn\server.py", line 70, in serve
    await self._serve(sockets)
  File "C:\Users\sonpa\AppData\Local\Programs\Python\Python313\Lib\site-packages\uvicorn\server.py", line 77, in _serve
    config.load()
    ~~~~~~~~~~~^^
  File "C:\Users\sonpa\AppData\Local\Programs\Python\Python313\Lib\site-packages\uvicorn\config.py", line 435, in load
    self.loaded_app = import_from_string(self.app)
                      ~~~~~~~~~~~~~~~~~~^^^^^^^^^^
  File "C:\Users\sonpa\AppData\Local\Programs\Python\Python313\Lib\site-packages\uvicorn\importer.py", line 19, in import_from_string
    module = importlib.import_module(module_str)
  File "C:\Users\sonpa\AppData\Local\Programs\Python\Python313\Lib\importlib\__init__.py", line 88, in import_module
    return _bootstrap._gcd_import(name[level:], package, level)
           ~~~~~~~~~~~~~~~~~~~~~~^^^^^^^^^^^^^^^^^^^^^^^^^^^^^^
  File "<frozen importlib._bootstrap>", line 1387, in _gcd_import
  File "<frozen importlib._bootstrap>", line 1360, in _find_and_load
  File "<frozen importlib._bootstrap>", line 1331, in _find_and_load_unlocked
  File "<frozen importlib._bootstrap>", line 935, in _load_unlocked
  File "<frozen importlib._bootstrap_external>", line 1022, in exec_module
  File "<frozen importlib._bootstrap_external>", line 1160, in get_code
  File "<frozen importlib._bootstrap_external>", line 1090, in source_to_code
  File "<frozen importlib._bootstrap>", line 488, in _call_with_frames_removed
  File "C:\Users\sonpa\OneDrive\Desktop\Yash S\fastapi_mqtt_backend\esp_flashing_tool\app.py", line 105
    session_id = str(uuid.uuid4())
    ^^^^^^^^^^
IndentationError: expected an indented block after 'if' statement on line 103
Traceback (most recent call last):
  File "<frozen runpy>", line 198, in _run_module_as_main
  File "<frozen runpy>", line 88, in _run_code
  File "C:\Users\sonpa\AppData\Local\Programs\Python\Python313\Lib\site-packages\uvicorn\__main__.py", line 4, in <module>
    uvicorn.main()
    ~~~~~~~~~~~~^^
  File "C:\Users\sonpa\AppData\Local\Programs\Python\Python313\Lib\site-packages\click\core.py", line 1161, in __call__
    return self.main(*args, **kwargs)
           ~~~~~~~~~^^^^^^^^^^^^^^^^^
  File "C:\Users\sonpa\AppData\Local\Programs\Python\Python313\Lib\site-packages\click\core.py", line 1082, in main
    rv = self.invoke(ctx)
  File "C:\Users\sonpa\AppData\Local\Programs\Python\Python313\Lib\site-packages\click\core.py", line 1443, in invoke
    return ctx.invoke(self.callback, **ctx.params)
           ~~~~~~~~~~^^^^^^^^^^^^^^^^^^^^^^^^^^^^^
  File "C:\Users\sonpa\AppData\Local\Programs\Python\Python313\Lib\site-packages\click\core.py", line 788, in invoke
    return __callback(*args, **kwargs)
  File "C:\Users\sonpa\AppData\Local\Programs\Python\Python313\Lib\site-packages\uvicorn\main.py", line 412, in main
    run(
    ~~~^
        app,
        ^^^^
    ...<45 lines>...
        h11_max_incomplete_event_size=h11_max_incomplete_event_size,
        ^^^^^^^^^^^^^^^^^^^^^^^^^^^^^^^^^^^^^^^^^^^^^^^^^^^^^^^^^^^^
    )
    ^
  File "C:\Users\sonpa\AppData\Local\Programs\Python\Python313\Lib\site-packages\uvicorn\main.py", line 579, in run
    server.run()
    ~~~~~~~~~~^^
  File "C:\Users\sonpa\AppData\Local\Programs\Python\Python313\Lib\site-packages\uvicorn\server.py", line 66, in run
    return asyncio.run(self.serve(sockets=sockets))
           ~~~~~~~~~~~^^^^^^^^^^^^^^^^^^^^^^^^^^^^^
  File "C:\Users\sonpa\AppData\Local\Programs\Python\Python313\Lib\asyncio\runners.py", line 195, in run
    return runner.run(main)
           ~~~~~~~~~~^^^^^^
  File "C:\Users\sonpa\AppData\Local\Programs\Python\Python313\Lib\asyncio\runners.py", line 118, in run
    return self._loop.run_until_complete(task)
           ~~~~~~~~~~~~~~~~~~~~~~~~~~~~~^^^^^^
  File "C:\Users\sonpa\AppData\Local\Programs\Python\Python313\Lib\asyncio\base_events.py", line 725, in run_until_complete
    return future.result()
           ~~~~~~~~~~~~~^^
  File "C:\Users\sonpa\AppData\Local\Programs\Python\Python313\Lib\site-packages\uvicorn\server.py", line 70, in serve
    await self._serve(sockets)
  File "C:\Users\sonpa\AppData\Local\Programs\Python\Python313\Lib\site-packages\uvicorn\server.py", line 77, in _serve
    config.load()
    ~~~~~~~~~~~^^
  File "C:\Users\sonpa\AppData\Local\Programs\Python\Python313\Lib\site-packages\uvicorn\config.py", line 435, in load
    self.loaded_app = import_from_string(self.app)
                      ~~~~~~~~~~~~~~~~~~^^^^^^^^^^
  File "C:\Users\sonpa\AppData\Local\Programs\Python\Python313\Lib\site-packages\uvicorn\importer.py", line 19, in import_from_string
    module = importlib.import_module(module_str)
  File "C:\Users\sonpa\AppData\Local\Programs\Python\Python313\Lib\importlib\__init__.py", line 88, in import_module
    return _bootstrap._gcd_import(name[level:], package, level)
           ~~~~~~~~~~~~~~~~~~~~~~^^^^^^^^^^^^^^^^^^^^^^^^^^^^^^
  File "<frozen importlib._bootstrap>", line 1387, in _gcd_import
  File "<frozen importlib._bootstrap>", line 1360, in _find_and_load
  File "<frozen importlib._bootstrap>", line 1331, in _find_and_load_unlocked
  File "<frozen importlib._bootstrap>", line 935, in _load_unlocked
  File "<frozen importlib._bootstrap_external>", line 1022, in exec_module
  File "<frozen importlib._bootstrap_external>", line 1160, in get_code
  File "<frozen importlib._bootstrap_external>", line 1090, in source_to_code
  File "<frozen importlib._bootstrap>", line 488, in _call_with_frames_removed
  File "C:\Users\sonpa\OneDrive\Desktop\Yash S\fastapi_mqtt_backend\esp_flashing_tool\app.py", line 105
    session_id = str(uuid.uuid4())
    ^^^^^^^^^^
IndentationError: expected an indented block after 'if' statement on line 103
Traceback (most recent call last):
  File "<frozen runpy>", line 198, in _run_module_as_main
  File "<frozen runpy>", line 88, in _run_code
  File "C:\Users\sonpa\AppData\Local\Programs\Python\Python313\Lib\site-packages\uvicorn\__main__.py", line 4, in <module>
    uvicorn.main()
    ~~~~~~~~~~~~^^
  File "C:\Users\sonpa\AppData\Local\Programs\Python\Python313\Lib\site-packages\click\core.py", line 1161, in __call__
    return self.main(*args, **kwargs)
           ~~~~~~~~~^^^^^^^^^^^^^^^^^
  File "C:\Users\sonpa\AppData\Local\Programs\Python\Python313\Lib\site-packages\click\core.py", line 1082, in main
    rv = self.invoke(ctx)
  File "C:\Users\sonpa\AppData\Local\Programs\Python\Python313\Lib\site-packages\click\core.py", line 1443, in invoke
    return ctx.invoke(self.callback, **ctx.params)
           ~~~~~~~~~~^^^^^^^^^^^^^^^^^^^^^^^^^^^^^
  File "C:\Users\sonpa\AppData\Local\Programs\Python\Python313\Lib\site-packages\click\core.py", line 788, in invoke
    return __callback(*args, **kwargs)
  File "C:\Users\sonpa\AppData\Local\Programs\Python\Python313\Lib\site-packages\uvicorn\main.py", line 412, in main
    run(
    ~~~^
        app,
        ^^^^
    ...<45 lines>...
        h11_max_incomplete_event_size=h11_max_incomplete_event_size,
        ^^^^^^^^^^^^^^^^^^^^^^^^^^^^^^^^^^^^^^^^^^^^^^^^^^^^^^^^^^^^
    )
    ^
  File "C:\Users\sonpa\AppData\Local\Programs\Python\Python313\Lib\site-packages\uvicorn\main.py", line 579, in run
    server.run()
    ~~~~~~~~~~^^
  File "C:\Users\sonpa\AppData\Local\Programs\Python\Python313\Lib\site-packages\uvicorn\server.py", line 66, in run
    return asyncio.run(self.serve(sockets=sockets))
           ~~~~~~~~~~~^^^^^^^^^^^^^^^^^^^^^^^^^^^^^
  File "C:\Users\sonpa\AppData\Local\Programs\Python\Python313\Lib\asyncio\runners.py", line 195, in run
    return runner.run(main)
           ~~~~~~~~~~^^^^^^
  File "C:\Users\sonpa\AppData\Local\Programs\Python\Python313\Lib\asyncio\runners.py", line 118, in run
    return self._loop.run_until_complete(task)
           ~~~~~~~~~~~~~~~~~~~~~~~~~~~~~^^^^^^
  File "C:\Users\sonpa\AppData\Local\Programs\Python\Python313\Lib\asyncio\base_events.py", line 725, in run_until_complete
    return future.result()
           ~~~~~~~~~~~~~^^
  File "C:\Users\sonpa\AppData\Local\Programs\Python\Python313\Lib\site-packages\uvicorn\server.py", line 70, in serve
    await self._serve(sockets)
  File "C:\Users\sonpa\AppData\Local\Programs\Python\Python313\Lib\site-packages\uvicorn\server.py", line 77, in _serve
    config.load()
    ~~~~~~~~~~~^^
  File "C:\Users\sonpa\AppData\Local\Programs\Python\Python313\Lib\site-packages\uvicorn\config.py", line 435, in load
    self.loaded_app = import_from_string(self.app)
                      ~~~~~~~~~~~~~~~~~~^^^^^^^^^^
  File "C:\Users\sonpa\AppData\Local\Programs\Python\Python313\Lib\site-packages\uvicorn\importer.py", line 19, in import_from_string
    module = importlib.import_module(module_str)
  File "C:\Users\sonpa\AppData\Local\Programs\Python\Python313\Lib\importlib\__init__.py", line 88, in import_module
    return _bootstrap._gcd_import(name[level:], package, level)
           ~~~~~~~~~~~~~~~~~~~~~~^^^^^^^^^^^^^^^^^^^^^^^^^^^^^^
  File "<frozen importlib._bootstrap>", line 1387, in _gcd_import
  File "<frozen importlib._bootstrap>", line 1360, in _find_and_load
  File "<frozen importlib._bootstrap>", line 1331, in _find_and_load_unlocked
  File "<frozen importlib._bootstrap>", line 935, in _load_unlocked
  File "<frozen importlib._bootstrap_external>", line 1022, in exec_module
  File "<frozen importlib._bootstrap_external>", line 1160, in get_code
  File "<frozen importlib._bootstrap_external>", line 1090, in source_to_code
  File "<frozen importlib._bootstrap>", line 488, in _call_with_frames_removed
  File "C:\Users\sonpa\OneDrive\Desktop\Yash S\fastapi_mqtt_backend\esp_flashing_tool\app.py", line 105
    session_id = str(uuid.uuid4())
    ^^^^^^^^^^
IndentationError: expected an indented block after 'if' statement on line 103
Traceback (most recent call last):
  File "<frozen runpy>", line 198, in _run_module_as_main
  File "<frozen runpy>", line 88, in _run_code
  File "C:\Users\sonpa\AppData\Local\Programs\Python\Python313\Lib\site-packages\uvicorn\__main__.py", line 4, in <module>
    uvicorn.main()
    ~~~~~~~~~~~~^^
  File "C:\Users\sonpa\AppData\Local\Programs\Python\Python313\Lib\site-packages\click\core.py", line 1161, in __call__
    return self.main(*args, **kwargs)
           ~~~~~~~~~^^^^^^^^^^^^^^^^^
  File "C:\Users\sonpa\AppData\Local\Programs\Python\Python313\Lib\site-packages\click\core.py", line 1082, in main
    rv = self.invoke(ctx)
  File "C:\Users\sonpa\AppData\Local\Programs\Python\Python313\Lib\site-packages\click\core.py", line 1443, in invoke
    return ctx.invoke(self.callback, **ctx.params)
           ~~~~~~~~~~^^^^^^^^^^^^^^^^^^^^^^^^^^^^^
  File "C:\Users\sonpa\AppData\Local\Programs\Python\Python313\Lib\site-packages\click\core.py", line 788, in invoke
    return __callback(*args, **kwargs)
  File "C:\Users\sonpa\AppData\Local\Programs\Python\Python313\Lib\site-packages\uvicorn\main.py", line 412, in main
    run(
    ~~~^
        app,
        ^^^^
    ...<45 lines>...
        h11_max_incomplete_event_size=h11_max_incomplete_event_size,
        ^^^^^^^^^^^^^^^^^^^^^^^^^^^^^^^^^^^^^^^^^^^^^^^^^^^^^^^^^^^^
    )
    ^
  File "C:\Users\sonpa\AppData\Local\Programs\Python\Python313\Lib\site-packages\uvicorn\main.py", line 579, in run
    server.run()
    ~~~~~~~~~~^^
  File "C:\Users\sonpa\AppData\Local\Programs\Python\Python313\Lib\site-packages\uvicorn\server.py", line 66, in run
    return asyncio.run(self.serve(sockets=sockets))
           ~~~~~~~~~~~^^^^^^^^^^^^^^^^^^^^^^^^^^^^^
  File "C:\Users\sonpa\AppData\Local\Programs\Python\Python313\Lib\asyncio\runners.py", line 195, in run
    return runner.run(main)
           ~~~~~~~~~~^^^^^^
  File "C:\Users\sonpa\AppData\Local\Programs\Python\Python313\Lib\asyncio\runners.py", line 118, in run
    return self._loop.run_until_complete(task)
           ~~~~~~~~~~~~~~~~~~~~~~~~~~~~~^^^^^^
  File "C:\Users\sonpa\AppData\Local\Programs\Python\Python313\Lib\asyncio\base_events.py", line 725, in run_until_complete
    return future.result()
           ~~~~~~~~~~~~~^^
  File "C:\Users\sonpa\AppData\Local\Programs\Python\Python313\Lib\site-packages\uvicorn\server.py", line 70, in serve
    await self._serve(sockets)
  File "C:\Users\sonpa\AppData\Local\Programs\Python\Python313\Lib\site-packages\uvicorn\server.py", line 77, in _serve
    config.load()
    ~~~~~~~~~~~^^
  File "C:\Users\sonpa\AppData\Local\Programs\Python\Python313\Lib\site-packages\uvicorn\config.py", line 435, in load
    self.loaded_app = import_from_string(self.app)
                      ~~~~~~~~~~~~~~~~~~^^^^^^^^^^
  File "C:\Users\sonpa\AppData\Local\Programs\Python\Python313\Lib\site-packages\uvicorn\importer.py", line 19, in import_from_string
    module = importlib.import_module(module_str)
  File "C:\Users\sonpa\AppData\Local\Programs\Python\Python313\Lib\importlib\__init__.py", line 88, in import_module
    return _bootstrap._gcd_import(name[level:], package, level)
           ~~~~~~~~~~~~~~~~~~~~~~^^^^^^^^^^^^^^^^^^^^^^^^^^^^^^
  File "<frozen importlib._bootstrap>", line 1387, in _gcd_import
  File "<frozen importlib._bootstrap>", line 1360, in _find_and_load
  File "<frozen importlib._bootstrap>", line 1331, in _find_and_load_unlocked
  File "<frozen importlib._bootstrap>", line 935, in _load_unlocked
  File "<frozen importlib._bootstrap_external>", line 1022, in exec_module
  File "<frozen importlib._bootstrap_external>", line 1160, in get_code
  File "<frozen importlib._bootstrap_external>", line 1090, in source_to_code
  File "<frozen importlib._bootstrap>", line 488, in _call_with_frames_removed
  File "C:\Users\sonpa\OneDrive\Desktop\Yash S\fastapi_mqtt_backend\esp_flashing_tool\app.py", line 105
    session_id = str(uuid.uuid4())
    ^^^^^^^^^^
IndentationError: expected an indented block after 'if' statement on line 103
Traceback (most recent call last):
  File "<frozen runpy>", line 198, in _run_module_as_main
  File "<frozen runpy>", line 88, in _run_code
  File "C:\Users\sonpa\AppData\Local\Programs\Python\Python313\Lib\site-packages\uvicorn\__main__.py", line 4, in <module>
    uvicorn.main()
    ~~~~~~~~~~~~^^
  File "C:\Users\sonpa\AppData\Local\Programs\Python\Python313\Lib\site-packages\click\core.py", line 1161, in __call__
    return self.main(*args, **kwargs)
           ~~~~~~~~~^^^^^^^^^^^^^^^^^
  File "C:\Users\sonpa\AppData\Local\Programs\Python\Python313\Lib\site-packages\click\core.py", line 1082, in main
    rv = self.invoke(ctx)
  File "C:\Users\sonpa\AppData\Local\Programs\Python\Python313\Lib\site-packages\click\core.py", line 1443, in invoke
    return ctx.invoke(self.callback, **ctx.params)
           ~~~~~~~~~~^^^^^^^^^^^^^^^^^^^^^^^^^^^^^
  File "C:\Users\sonpa\AppData\Local\Programs\Python\Python313\Lib\site-packages\click\core.py", line 788, in invoke
    return __callback(*args, **kwargs)
  File "C:\Users\sonpa\AppData\Local\Programs\Python\Python313\Lib\site-packages\uvicorn\main.py", line 412, in main
    run(
    ~~~^
        app,
        ^^^^
    ...<45 lines>...
        h11_max_incomplete_event_size=h11_max_incomplete_event_size,
        ^^^^^^^^^^^^^^^^^^^^^^^^^^^^^^^^^^^^^^^^^^^^^^^^^^^^^^^^^^^^
    )
    ^
  File "C:\Users\sonpa\AppData\Local\Programs\Python\Python313\Lib\site-packages\uvicorn\main.py", line 579, in run
    server.run()
    ~~~~~~~~~~^^
  File "C:\Users\sonpa\AppData\Local\Programs\Python\Python313\Lib\site-packages\uvicorn\server.py", line 66, in run
    return asyncio.run(self.serve(sockets=sockets))
           ~~~~~~~~~~~^^^^^^^^^^^^^^^^^^^^^^^^^^^^^
  File "C:\Users\sonpa\AppData\Local\Programs\Python\Python313\Lib\asyncio\runners.py", line 195, in run
    return runner.run(main)
           ~~~~~~~~~~^^^^^^
  File "C:\Users\sonpa\AppData\Local\Programs\Python\Python313\Lib\asyncio\runners.py", line 118, in run
    return self._loop.run_until_complete(task)
           ~~~~~~~~~~~~~~~~~~~~~~~~~~~~~^^^^^^
  File "C:\Users\sonpa\AppData\Local\Programs\Python\Python313\Lib\asyncio\base_events.py", line 725, in run_until_complete
    return future.result()
           ~~~~~~~~~~~~~^^
  File "C:\Users\sonpa\AppData\Local\Programs\Python\Python313\Lib\site-packages\uvicorn\server.py", line 70, in serve
    await self._serve(sockets)
  File "C:\Users\sonpa\AppData\Local\Programs\Python\Python313\Lib\site-packages\uvicorn\server.py", line 77, in _serve
    config.load()
    ~~~~~~~~~~~^^
  File "C:\Users\sonpa\AppData\Local\Programs\Python\Python313\Lib\site-packages\uvicorn\config.py", line 435, in load
    self.loaded_app = import_from_string(self.app)
                      ~~~~~~~~~~~~~~~~~~^^^^^^^^^^
  File "C:\Users\sonpa\AppData\Local\Programs\Python\Python313\Lib\site-packages\uvicorn\importer.py", line 19, in import_from_string
    module = importlib.import_module(module_str)
  File "C:\Users\sonpa\AppData\Local\Programs\Python\Python313\Lib\importlib\__init__.py", line 88, in import_module
    return _bootstrap._gcd_import(name[level:], package, level)
           ~~~~~~~~~~~~~~~~~~~~~~^^^^^^^^^^^^^^^^^^^^^^^^^^^^^^
  File "<frozen importlib._bootstrap>", line 1387, in _gcd_import
  File "<frozen importlib._bootstrap>", line 1360, in _find_and_load
  File "<frozen importlib._bootstrap>", line 1331, in _find_and_load_unlocked
  File "<frozen importlib._bootstrap>", line 935, in _load_unlocked
  File "<frozen importlib._bootstrap_external>", line 1022, in exec_module
  File "<frozen importlib._bootstrap_external>", line 1160, in get_code
  File "<frozen importlib._bootstrap_external>", line 1090, in source_to_code
  File "<frozen importlib._bootstrap>", line 488, in _call_with_frames_removed
  File "C:\Users\sonpa\OneDrive\Desktop\Yash S\fastapi_mqtt_backend\esp_flashing_tool\app.py", line 105
    session_id = str(uuid.uuid4())
    ^^^^^^^^^^
IndentationError: expected an indented block after 'if' statement on line 103
INFO:     Started server process [7080]
INFO:     Waiting for application startup.
INFO:     Application startup complete.
INFO:     Uvicorn running on http://0.0.0.0:8000 (Press CTRL+C to quit)
INFO:     127.0.0.1:49247 - "GET / HTTP/1.1" 200 OK
INFO:     127.0.0.1:49247 - "GET /com_ports HTTP/1.1" 200 OK
INFO:     127.0.0.1:49254 - "GET /firmware_list HTTP/1.1" 200 OK
INFO:     Shutting down
INFO:     Waiting for application shutdown.
INFO:     Application shutdown complete.
INFO:     Finished server process [7080]
INFO:     Started server process [9400]
INFO:     Waiting for application startup.
INFO:     Application startup complete.
INFO:     Uvicorn running on http://0.0.0.0:8000 (Press CTRL+C to quit)
INFO:     127.0.0.1:49296 - "GET / HTTP/1.1" 200 OK
INFO:     127.0.0.1:49296 - "GET /com_ports HTTP/1.1" 200 OK
INFO:     127.0.0.1:49297 - "GET /firmware_list HTTP/1.1" 200 OK
INFO:     Shutting down
INFO:     Waiting for application shutdown.
INFO:     Application shutdown complete.
INFO:     Finished server process [9400]
INFO:     Started server process [12092]
INFO:     Waiting for application startup.
INFO:     Application startup complete.
INFO:     Uvicorn running on http://0.0.0.0:8000 (Press CTRL+C to quit)
INFO:     127.0.0.1:49389 - "GET /docs HTTP/1.1" 200 OK
INFO:     127.0.0.1:49389 - "GET /openapi.json HTTP/1.1" 200 OK
INFO:     127.0.0.1:49389 - "GET / HTTP/1.1" 200 OK
INFO:     127.0.0.1:49389 - "GET /com_ports HTTP/1.1" 200 OK
INFO:     127.0.0.1:49390 - "GET /firmware_list HTTP/1.1" 200 OK
INFO:     127.0.0.1:49392 - "GET / HTTP/1.1" 200 OK
INFO:     127.0.0.1:49392 - "GET /com_ports HTTP/1.1" 200 OK
INFO:     127.0.0.1:49393 - "GET /firmware_list HTTP/1.1" 200 OK
INFO:     192.168.29.248:49398 - "GET /docs HTTP/1.1" 200 OK
INFO:     192.168.29.248:49398 - "GET /openapi.json HTTP/1.1" 200 OK
INFO:     127.0.0.1:49435 - "GET / HTTP/1.1" 200 OK
INFO:     127.0.0.1:49435 - "GET /com_ports HTTP/1.1" 200 OK
INFO:     127.0.0.1:49436 - "GET /firmware_list HTTP/1.1" 200 OK
INFO:     Shutting down
INFO:     Waiting for application shutdown.
INFO:     Application shutdown complete.
INFO:     Finished server process [12092]
INFO:     Started server process [13136]
INFO:     Waiting for application startup.
INFO:     Application startup complete.
INFO:     Uvicorn running on http://0.0.0.0:8000 (Press CTRL+C to quit)
INFO:     127.0.0.1:49642 - "GET / HTTP/1.1" 200 OK
INFO:     127.0.0.1:49642 - "GET /com_ports HTTP/1.1" 200 OK
INFO:     127.0.0.1:49643 - "GET /firmware_list HTTP/1.1" 200 OK
INFO:     127.0.0.1:49643 - "GET /docs HTTP/1.1" 200 OK
INFO:     127.0.0.1:49643 - "GET /openapi.json HTTP/1.1" 200 OK
INFO:     192.168.29.248:49648 - "GET /docs HTTP/1.1" 200 OK
INFO:     192.168.29.248:49648 - "GET /openapi.json HTTP/1.1" 200 OK
INFO:     127.0.0.1:49674 - "GET /com_ports HTTP/1.1" 200 OK
INFO:     127.0.0.1:49674 - "GET /com_ports HTTP/1.1" 200 OK
INFO:     127.0.0.1:49674 - "GET /com_ports HTTP/1.1" 200 OK
INFO:     127.0.0.1:49674 - "GET /com_ports HTTP/1.1" 200 OK
INFO:     127.0.0.1:49676 - "GET /com_ports HTTP/1.1" 200 OK
INFO:     127.0.0.1:49676 - "GET /com_ports HTTP/1.1" 200 OK
INFO:     Shutting down
INFO:     Waiting for application shutdown.
INFO:     Application shutdown complete.
INFO:     Finished server process [13136]
INFO:     Started server process [3548]
INFO:     Waiting for application startup.
INFO:     Application startup complete.
INFO:     Uvicorn running on http://0.0.0.0:8000 (Press CTRL+C to quit)
INFO:     127.0.0.1:49776 - "GET / HTTP/1.1" 200 OK
INFO:     127.0.0.1:49777 - "GET /firmware_list HTTP/1.1" 200 OK
INFO:     127.0.0.1:49776 - "GET /com_ports HTTP/1.1" 200 OK
INFO:     127.0.0.1:49787 - "GET /com_ports HTTP/1.1" 200 OK
INFO:     127.0.0.1:49790 - "GET /com_ports HTTP/1.1" 200 OK
INFO:     Shutting down
INFO:     Waiting for application shutdown.
INFO:     Application shutdown complete.
INFO:     Finished server process [3548]
